e:\code\thirdparty\h264bsanalyzer-master\h264bsanalyzer\debug\h264bsanalyzer.pch
e:\code\thirdparty\h264bsanalyzer-master\h264bsanalyzer\debug\vc142.pdb
e:\code\thirdparty\h264bsanalyzer-master\h264bsanalyzer\debug\vc142.idb
e:\code\thirdparty\h264bsanalyzer-master\h264bsanalyzer\debug\stdafx.obj
e:\code\thirdparty\h264bsanalyzer-master\h264bsanalyzer\debug\tjpeg_utils.obj
e:\code\thirdparty\h264bsanalyzer-master\h264bsanalyzer\debug\nalparse.obj
e:\code\thirdparty\h264bsanalyzer-master\h264bsanalyzer\debug\naldebugtxt.obj
e:\code\thirdparty\h264bsanalyzer-master\h264bsanalyzer\debug\naldebugtree.obj
e:\code\thirdparty\h264bsanalyzer-master\h264bsanalyzer\debug\hexeditctrl.obj
e:\code\thirdparty\h264bsanalyzer-master\h264bsanalyzer\debug\h265_stream.obj
e:\code\thirdparty\h264bsanalyzer-master\h264bsanalyzer\debug\h265_sei.obj
e:\code\thirdparty\h264bsanalyzer-master\h264bsanalyzer\debug\h265_avcc.obj
e:\code\thirdparty\h264bsanalyzer-master\h264bsanalyzer\debug\h264_stream.obj
e:\code\thirdparty\h264bsanalyzer-master\h264bsanalyzer\debug\h264_sei.obj
e:\code\thirdparty\h264bsanalyzer-master\h264bsanalyzer\debug\h264_avcc.obj
e:\code\thirdparty\h264bsanalyzer-master\h264bsanalyzer\debug\h264_analyze.obj
e:\code\thirdparty\h264bsanalyzer-master\h264bsanalyzer\debug\bmp_utils.obj
e:\code\thirdparty\h264bsanalyzer-master\h264bsanalyzer\debug\h264bsanalyzer.tlog\cl.command.1.tlog
e:\code\thirdparty\h264bsanalyzer-master\h264bsanalyzer\debug\h264bsanalyzer.tlog\cl.read.1.tlog
e:\code\thirdparty\h264bsanalyzer-master\h264bsanalyzer\debug\h264bsanalyzer.tlog\cl.write.1.tlog
